Testsuite: org.simpleframework.xml.core.RedundantOrderTest
Tests run: 3, Failures: 0, Errors: 0, Time elapsed: 0.111 sec
------------- Standard Error -----------------
org.simpleframework.xml.core.ElementException: Ordered element 'c' missing for class org.simpleframework.xml.core.RedundantOrderTest$ElementEntry
	at org.simpleframework.xml.core.Scanner.validateElements(Scanner.java:454)
	at org.simpleframework.xml.core.Scanner.validate(Scanner.java:408)
	at org.simpleframework.xml.core.Scanner.scan(Scanner.java:392)
	at org.simpleframework.xml.core.Scanner.<init>(Scanner.java:115)
	at org.simpleframework.xml.core.ScannerFactory.getInstance(ScannerFactory.java:65)
	at org.simpleframework.xml.core.Support.getScanner(Support.java:170)
	at org.simpleframework.xml.core.Support.getName(Support.java:232)
	at org.simpleframework.xml.core.Source.getName(Source.java:271)
	at org.simpleframework.xml.core.Traverser.getName(Traverser.java:284)
	at org.simpleframework.xml.core.Traverser.write(Traverser.java:203)
	at org.simpleframework.xml.core.Traverser.write(Traverser.java:186)
	at org.simpleframework.xml.core.Persister.write(Persister.java:1099)
	at org.simpleframework.xml.core.Persister.write(Persister.java:1081)
	at org.simpleframework.xml.core.Persister.write(Persister.java:1062)
	at org.simpleframework.xml.core.Persister.write(Persister.java:1178)
	at org.simpleframework.xml.ValidationTestCase.validate(ValidationTestCase.java:95)
	at org.simpleframework.xml.core.RedundantOrderTest.testRedundantElementOrder(RedundantOrderTest.java:67)
	at sun.reflect.NativeMethodAccessorImpl.invoke0(Native Method)
	at sun.reflect.NativeMethodAccessorImpl.invoke(NativeMethodAccessorImpl.java:39)
	at sun.reflect.DelegatingMethodAccessorImpl.invoke(DelegatingMethodAccessorImpl.java:25)
	at java.lang.reflect.Method.invoke(Method.java:585)
	at junit.framework.TestCase.runTest(TestCase.java:154)
	at junit.framework.TestCase.runBare(TestCase.java:127)
	at junit.framework.TestResult$1.protect(TestResult.java:106)
	at junit.framework.TestResult.runProtected(TestResult.java:124)
	at junit.framework.TestResult.run(TestResult.java:109)
	at junit.framework.TestCase.run(TestCase.java:118)
	at junit.framework.TestSuite.runTest(TestSuite.java:208)
	at junit.framework.TestSuite.run(TestSuite.java:203)
	at org.apache.tools.ant.taskdefs.optional.junit.JUnitTestRunner.run(JUnitTestRunner.java:421)
	at org.apache.tools.ant.taskdefs.optional.junit.JUnitTestRunner.launch(JUnitTestRunner.java:912)
	at org.apache.tools.ant.taskdefs.optional.junit.JUnitTestRunner.main(JUnitTestRunner.java:766)
org.simpleframework.xml.core.AttributeException: Ordered attribute 'c' missing for class org.simpleframework.xml.core.RedundantOrderTest$AttributeEntry
	at org.simpleframework.xml.core.Scanner.validateAttributes(Scanner.java:481)
	at org.simpleframework.xml.core.Scanner.validate(Scanner.java:409)
	at org.simpleframework.xml.core.Scanner.scan(Scanner.java:392)
	at org.simpleframework.xml.core.Scanner.<init>(Scanner.java:115)
	at org.simpleframework.xml.core.ScannerFactory.getInstance(ScannerFactory.java:65)
	at org.simpleframework.xml.core.Support.getScanner(Support.java:170)
	at org.simpleframework.xml.core.Support.getName(Support.java:232)
	at org.simpleframework.xml.core.Source.getName(Source.java:271)
	at org.simpleframework.xml.core.Traverser.getName(Traverser.java:284)
	at org.simpleframework.xml.core.Traverser.write(Traverser.java:203)
	at org.simpleframework.xml.core.Traverser.write(Traverser.java:186)
	at org.simpleframework.xml.core.Persister.write(Persister.java:1099)
	at org.simpleframework.xml.core.Persister.write(Persister.java:1081)
	at org.simpleframework.xml.core.Persister.write(Persister.java:1062)
	at org.simpleframework.xml.core.Persister.write(Persister.java:1178)
	at org.simpleframework.xml.ValidationTestCase.validate(ValidationTestCase.java:95)
	at org.simpleframework.xml.core.RedundantOrderTest.testRedundantAttributeOrder(RedundantOrderTest.java:81)
	at sun.reflect.NativeMethodAccessorImpl.invoke0(Native Method)
	at sun.reflect.NativeMethodAccessorImpl.invoke(NativeMethodAccessorImpl.java:39)
	at sun.reflect.DelegatingMethodAccessorImpl.invoke(DelegatingMethodAccessorImpl.java:25)
	at java.lang.reflect.Method.invoke(Method.java:585)
	at junit.framework.TestCase.runTest(TestCase.java:154)
	at junit.framework.TestCase.runBare(TestCase.java:127)
	at junit.framework.TestResult$1.protect(TestResult.java:106)
	at junit.framework.TestResult.runProtected(TestResult.java:124)
	at junit.framework.TestResult.run(TestResult.java:109)
	at junit.framework.TestCase.run(TestCase.java:118)
	at junit.framework.TestSuite.runTest(TestSuite.java:208)
	at junit.framework.TestSuite.run(TestSuite.java:203)
	at org.apache.tools.ant.taskdefs.optional.junit.JUnitTestRunner.run(JUnitTestRunner.java:421)
	at org.apache.tools.ant.taskdefs.optional.junit.JUnitTestRunner.launch(JUnitTestRunner.java:912)
	at org.apache.tools.ant.taskdefs.optional.junit.JUnitTestRunner.main(JUnitTestRunner.java:766)
------------- ---------------- ---------------

Testcase: testRedundantElementOrder took 0.098 sec
Testcase: testRedundantAttributeOrder took 0.005 sec
Testcase: testDirectory took 0.001 sec
